# Logfile created on 2015-06-09 20:22:06 +0800 by logger.rb/36483
D, [2015-06-09T20:22:06.004346 #8916] DEBUG -- : Initializing APP
D, [2015-06-09T20:24:26.786728 #8973] DEBUG -- : Initializing APP
D, [2015-06-09T20:24:26.786797 #8973] DEBUG -- : #<Sketchup::ExtensionsManager:0x007fb162a78670>
D, [2015-06-09T20:48:16.708725 #9094] DEBUG -- : Initializing APP
D, [2015-06-09T20:48:19.210338 #9094] DEBUG -- : Advanced Camera Tools (Pro Only)
D, [2015-06-09T20:48:19.210459 #9094] DEBUG -- : 1.2.4
D, [2015-06-09T20:48:19.210503 #9094] DEBUG -- : Dynamic Components
D, [2015-06-09T20:48:19.210540 #9094] DEBUG -- : 1.3.2
D, [2015-06-09T20:48:19.210573 #9094] DEBUG -- : Sandbox Tools
D, [2015-06-09T20:48:19.210601 #9094] DEBUG -- : 2.2.4
D, [2015-06-09T20:48:19.210634 #9094] DEBUG -- : Photo Textures
D, [2015-06-09T20:48:19.210658 #9094] DEBUG -- : 1.1.2
D, [2015-06-09T20:53:18.888924 #9110] DEBUG -- : Initializing APP
D, [2015-06-09T20:53:24.709253 #9110] DEBUG -- : #<Sketchup::Model:0x007fe06c2f79a8>
D, [2015-06-09T20:53:24.709420 #9110] DEBUG -- : #<Sketchup::Materials:0x007fe06c985720>
D, [2015-06-09T20:53:24.709527 #9110] DEBUG -- : 12
D, [2015-06-09T20:53:44.354620 #9110] DEBUG -- : #<Sketchup::Model:0x007fe06c2f79a8>
D, [2015-06-09T20:53:44.354777 #9110] DEBUG -- : #<Sketchup::Materials:0x007fe06c985720>
D, [2015-06-09T20:53:44.354843 #9110] DEBUG -- : 12
D, [2015-06-09T20:53:53.209494 #9110] DEBUG -- : #<Sketchup::Model:0x007fe06c2f79a8>
D, [2015-06-09T20:53:53.209612 #9110] DEBUG -- : #<Sketchup::Materials:0x007fe06c985720>
D, [2015-06-09T20:53:53.209676 #9110] DEBUG -- : 12
D, [2015-06-09T20:55:33.704868 #9122] DEBUG -- : Initializing APP
D, [2015-06-09T20:55:45.933772 #9122] DEBUG -- : #<Sketchup::Model:0x007fe2232db948>
D, [2015-06-09T20:55:45.933930 #9122] DEBUG -- : #<Sketchup::Materials:0x007fe2231d3118>
D, [2015-06-09T20:55:45.934013 #9122] DEBUG -- : 12
D, [2015-06-09T20:56:05.519658 #9127] DEBUG -- : Initializing APP
D, [2015-06-09T20:56:13.998053 #9127] DEBUG -- : #<Sketchup::Model:0x007fe94c9eb870>
D, [2015-06-09T20:56:13.998203 #9127] DEBUG -- : #<Sketchup::Materials:0x007fe94ab370c8>
D, [2015-06-09T20:56:13.998260 #9127] DEBUG -- : 12
D, [2015-06-09T20:59:37.473085 #9149] DEBUG -- : Initializing APP
D, [2015-06-09T21:00:31.268676 #9158] DEBUG -- : Initializing APP
D, [2015-06-09T21:01:53.568534 #9165] DEBUG -- : Initializing APP
D, [2015-06-09T21:01:56.987793 #9165] DEBUG -- : #<Sketchup::Model:0x007f8bd9aeb048>
D, [2015-06-09T21:01:56.987929 #9165] DEBUG -- : #<Sketchup::Materials:0x007f8bdaa2c4d0>
D, [2015-06-09T21:01:56.987980 #9165] DEBUG -- : 12
D, [2015-06-09T21:02:01.438839 #9165] DEBUG -- : Advanced Camera Tools (Pro Only)
D, [2015-06-09T21:02:01.438938 #9165] DEBUG -- : 1.2.4
D, [2015-06-09T21:02:01.438973 #9165] DEBUG -- : Dynamic Components
D, [2015-06-09T21:02:01.438993 #9165] DEBUG -- : 1.3.2
D, [2015-06-09T21:02:01.439009 #9165] DEBUG -- : Sandbox Tools
D, [2015-06-09T21:02:01.439024 #9165] DEBUG -- : 2.2.4
D, [2015-06-09T21:02:01.439039 #9165] DEBUG -- : Photo Textures
D, [2015-06-09T21:02:01.439054 #9165] DEBUG -- : 1.1.2
D, [2015-06-09T21:02:06.996369 #9165] DEBUG -- : #<Sketchup::Model:0x007f8bd9aeb048>
D, [2015-06-09T21:02:06.996474 #9165] DEBUG -- : #<Sketchup::Materials:0x007f8bdaa2c4d0>
D, [2015-06-09T21:02:06.996506 #9165] DEBUG -- : 13
D, [2015-06-09T21:12:50.723556 #9377] DEBUG -- : Initializing APP
D, [2015-06-09T21:12:55.287561 #9377] DEBUG -- : /Users/cmingxu/Library/Application Support/SketchUp 2015/SketchUp/Plugins/su_building/html/index.html
D, [2015-06-09T21:14:45.462704 #9409] DEBUG -- : Initializing APP
D, [2015-06-09T21:17:26.151021 #9436] DEBUG -- : Initializing APP
D, [2015-06-09T21:20:54.460392 #9472] DEBUG -- : Initializing APP
D, [2015-06-09T21:21:04.183429 #9472] DEBUG -- : i love this world
D, [2015-06-09T21:21:07.025634 #9472] DEBUG -- : i love this world
D, [2015-06-09T21:21:07.202865 #9472] DEBUG -- : i love this world
D, [2015-06-09T21:21:07.381202 #9472] DEBUG -- : i love this world
D, [2015-06-09T21:21:07.558776 #9472] DEBUG -- : i love this world
D, [2015-06-09T21:21:07.728784 #9472] DEBUG -- : i love this world
D, [2015-06-09T21:21:07.895304 #9472] DEBUG -- : i love this world
D, [2015-06-09T21:21:08.072877 #9472] DEBUG -- : i love this world
D, [2015-06-09T21:21:10.050715 #9472] DEBUG -- : i love this world
D, [2015-06-09T21:21:10.218285 #9472] DEBUG -- : i love this world
D, [2015-06-09T21:21:10.385098 #9472] DEBUG -- : i love this world
D, [2015-06-09T21:21:10.556498 #9472] DEBUG -- : i love this world
D, [2015-06-09T21:21:10.732732 #9472] DEBUG -- : i love this world
D, [2015-06-09T21:21:10.899558 #9472] DEBUG -- : i love this world
D, [2015-06-09T21:21:11.075947 #9472] DEBUG -- : i love this world
D, [2015-06-09T21:21:11.252547 #9472] DEBUG -- : i love this world
D, [2015-06-09T21:21:14.412026 #9472] DEBUG -- : i love this world
D, [2015-06-09T21:21:14.598174 #9472] DEBUG -- : i love this world
D, [2015-06-09T21:21:14.781433 #9472] DEBUG -- : i love this world
D, [2015-06-09T21:21:14.959785 #9472] DEBUG -- : i love this world
D, [2015-06-09T21:21:15.134460 #9472] DEBUG -- : i love this world
D, [2015-06-09T21:21:15.333414 #9472] DEBUG -- : i love this world
D, [2015-06-09T21:21:15.514484 #9472] DEBUG -- : i love this world
D, [2015-06-09T21:21:15.714274 #9472] DEBUG -- : i love this world
D, [2015-06-09T21:21:15.893134 #9472] DEBUG -- : i love this world
D, [2015-06-09T21:21:16.092549 #9472] DEBUG -- : i love this world
D, [2015-06-09T21:26:44.710535 #9665] DEBUG -- : Initializing APP
D, [2015-06-09T21:28:46.958574 #9730] DEBUG -- : Initializing APP
D, [2015-06-09T21:29:23.738943 #9737] DEBUG -- : Initializing APP
D, [2015-06-09T21:32:03.584364 #9751] DEBUG -- : Initializing APP
D, [2015-06-09T21:36:18.776564 #9769] DEBUG -- : Initializing APP
D, [2015-06-09T21:36:21.836868 #9769] DEBUG -- : Green
D, [2015-06-09T21:36:22.533874 #9769] DEBUG -- : Green
D, [2015-06-09T21:36:22.727093 #9769] DEBUG -- : Green
D, [2015-06-09T21:36:22.901833 #9769] DEBUG -- : Green
D, [2015-06-09T21:36:26.172530 #9769] DEBUG -- : Blue
D, [2015-06-09T21:36:28.072659 #9769] DEBUG -- : Red
D, [2015-06-09T21:36:30.254673 #9769] DEBUG -- : Green
D, [2015-06-09T21:36:30.450104 #9769] DEBUG -- : Green
D, [2015-06-09T21:36:31.945748 #9769] DEBUG -- : Blue
D, [2015-06-09T21:36:32.127507 #9769] DEBUG -- : Blue
D, [2015-06-09T21:36:34.360055 #9769] DEBUG -- : Red
D, [2015-06-09T21:36:34.553217 #9769] DEBUG -- : Red
D, [2015-06-09T21:36:36.243395 #9769] DEBUG -- : Blue
D, [2015-06-09T21:36:36.427413 #9769] DEBUG -- : Blue
D, [2015-06-09T21:36:36.618690 #9769] DEBUG -- : Blue
D, [2015-06-09T21:58:33.105258 #10144] DEBUG -- : Initializing APP
D, [2015-06-09T22:00:49.084099 #10155] DEBUG -- : Initializing APP
D, [2015-06-09T22:01:15.530174 #10164] DEBUG -- : Initializing APP
D, [2015-06-09T22:01:41.095961 #10171] DEBUG -- : Initializing APP
D, [2015-06-09T22:02:05.719663 #10178] DEBUG -- : Initializing APP
D, [2015-06-11T17:00:08.758889 #17847] DEBUG -- : Initializing APP
D, [2015-06-11T17:02:22.473727 #17857] DEBUG -- : Initializing APP
D, [2015-06-11T17:09:57.427718 #17907] DEBUG -- : Initializing APP
D, [2015-06-11T17:10:01.769503 #17907] DEBUG -- : action
D, [2015-06-11T17:10:32.512099 #17916] DEBUG -- : Initializing APP
D, [2015-06-11T17:10:36.471448 #17916] DEBUG -- : action
D, [2015-06-11T17:10:36.471537 #17916] DEBUG -- : logger
D, [2015-06-11T17:14:51.180250 #17965] DEBUG -- : Initializing APP
D, [2015-06-11T17:15:02.878788 #17965] DEBUG -- : callback for logger called
D, [2015-06-11T17:15:03.413353 #17965] DEBUG -- : callback for logger called
D, [2015-06-11T17:16:43.646618 #18155] DEBUG -- : Initializing APP
D, [2015-06-11T17:17:45.107307 #18155] DEBUG -- : callback for logger called
D, [2015-06-11T17:20:42.950048 #18194] DEBUG -- : Initializing APP
D, [2015-06-11T17:20:55.823186 #18194] DEBUG -- : callback for logger called
D, [2015-06-11T17:21:19.941156 #18219] DEBUG -- : Initializing APP
D, [2015-06-11T17:53:10.511405 #18431] DEBUG -- : Initializing APP
D, [2015-06-11T17:53:15.304122 #18431] DEBUG -- : callback for logger called
D, [2015-06-11T17:53:22.054054 #18431] DEBUG -- : callback for list called
D, [2015-06-11T17:53:22.054224 #18431] DEBUG -- : files from ruby /Users/cmingxu/Library/Application Support/SketchUp 2015/SketchUp/Plugins/su_building/skps/tmp.skp
D, [2015-06-11T17:54:51.222434 #18444] DEBUG -- : Initializing APP
D, [2015-06-11T17:54:55.755608 #18444] DEBUG -- : callback for logger called
D, [2015-06-11T17:54:58.217328 #18444] DEBUG -- : callback for list called
D, [2015-06-11T17:54:58.217546 #18444] DEBUG -- : files from ruby /Users/cmingxu/Library/Application Support/SketchUp 2015/SketchUp/Plugins/su_building/skps/tmp.skp
D, [2015-06-11T17:56:22.272329 #18457] DEBUG -- : Initializing APP
D, [2015-06-11T17:56:24.954006 #18457] DEBUG -- : callback for logger called
D, [2015-06-11T17:56:26.527598 #18457] DEBUG -- : callback for list called
D, [2015-06-11T17:56:26.527778 #18457] DEBUG -- : files from ruby /Users/cmingxu/Library/Application Support/SketchUp 2015/SketchUp/Plugins/su_building/skps/tmp.skp
D, [2015-06-11T17:58:03.426020 #18480] DEBUG -- : Initializing APP
D, [2015-06-11T17:58:07.154795 #18480] DEBUG -- : callback for logger called
D, [2015-06-11T17:58:08.696107 #18480] DEBUG -- : callback for list called
D, [2015-06-11T17:58:08.696286 #18480] DEBUG -- : files from ruby /Users/cmingxu/Library/Application Support/SketchUp 2015/SketchUp/Plugins/su_building/skps/tmp.skp
D, [2015-06-11T17:58:13.500712 #18480] DEBUG -- : callback for list called
D, [2015-06-11T17:58:13.500899 #18480] DEBUG -- : files from ruby /Users/cmingxu/Library/Application Support/SketchUp 2015/SketchUp/Plugins/su_building/skps/tmp.skp
D, [2015-06-11T17:58:13.682604 #18480] DEBUG -- : callback for list called
D, [2015-06-11T17:58:13.682810 #18480] DEBUG -- : files from ruby /Users/cmingxu/Library/Application Support/SketchUp 2015/SketchUp/Plugins/su_building/skps/tmp.skp
D, [2015-06-11T17:58:13.859841 #18480] DEBUG -- : callback for list called
D, [2015-06-11T17:58:13.860068 #18480] DEBUG -- : files from ruby /Users/cmingxu/Library/Application Support/SketchUp 2015/SketchUp/Plugins/su_building/skps/tmp.skp
D, [2015-06-11T17:59:46.325909 #18498] DEBUG -- : Initializing APP
D, [2015-06-11T18:00:37.529488 #18498] DEBUG -- : callback for logger called
D, [2015-06-11T18:00:39.530814 #18498] DEBUG -- : callback for list called
D, [2015-06-11T18:00:39.531009 #18498] DEBUG -- : files from ruby /Users/cmingxu/Library/Application Support/SketchUp 2015/SketchUp/Plugins/su_building/skps/tmp.skp
D, [2015-06-11T18:00:48.342367 #18498] DEBUG -- : callback for list called
D, [2015-06-11T18:00:48.342567 #18498] DEBUG -- : files from ruby /Users/cmingxu/Library/Application Support/SketchUp 2015/SketchUp/Plugins/su_building/skps/tmp.skp
D, [2015-06-11T18:01:05.648313 #18498] DEBUG -- : callback for list called
D, [2015-06-11T18:01:05.648550 #18498] DEBUG -- : files from ruby /Users/cmingxu/Library/Application Support/SketchUp 2015/SketchUp/Plugins/su_building/skps/tmp.skp
D, [2015-06-11T18:01:05.815554 #18498] DEBUG -- : callback for list called
D, [2015-06-11T18:01:05.815728 #18498] DEBUG -- : files from ruby /Users/cmingxu/Library/Application Support/SketchUp 2015/SketchUp/Plugins/su_building/skps/tmp.skp
D, [2015-06-11T18:05:33.267241 #18556] DEBUG -- : Initializing APP
D, [2015-06-11T18:05:40.099822 #18556] DEBUG -- : callback for logger called
D, [2015-06-11T18:05:41.512449 #18556] DEBUG -- : callback for list called
D, [2015-06-11T18:05:41.512612 #18556] DEBUG -- : files from ruby /Users/cmingxu/Library/Application Support/SketchUp 2015/SketchUp/Plugins/su_building/skps/tmp.skp
D, [2015-06-11T18:05:42.127693 #18556] DEBUG -- : callback for list called
D, [2015-06-11T18:05:42.127842 #18556] DEBUG -- : files from ruby /Users/cmingxu/Library/Application Support/SketchUp 2015/SketchUp/Plugins/su_building/skps/tmp.skp
D, [2015-06-11T18:05:42.367656 #18556] DEBUG -- : callback for list called
D, [2015-06-11T18:05:42.367813 #18556] DEBUG -- : files from ruby /Users/cmingxu/Library/Application Support/SketchUp 2015/SketchUp/Plugins/su_building/skps/tmp.skp
D, [2015-06-11T18:05:42.551608 #18556] DEBUG -- : callback for list called
D, [2015-06-11T18:05:42.551756 #18556] DEBUG -- : files from ruby /Users/cmingxu/Library/Application Support/SketchUp 2015/SketchUp/Plugins/su_building/skps/tmp.skp
D, [2015-06-11T18:05:42.743664 #18556] DEBUG -- : callback for list called
D, [2015-06-11T18:05:42.743826 #18556] DEBUG -- : files from ruby /Users/cmingxu/Library/Application Support/SketchUp 2015/SketchUp/Plugins/su_building/skps/tmp.skp
D, [2015-06-11T18:05:46.307572 #18556] DEBUG -- : callback for list called
D, [2015-06-11T18:05:46.307744 #18556] DEBUG -- : files from ruby /Users/cmingxu/Library/Application Support/SketchUp 2015/SketchUp/Plugins/su_building/skps/tmp.skp
D, [2015-06-11T18:05:46.499447 #18556] DEBUG -- : callback for list called
D, [2015-06-11T18:05:46.499604 #18556] DEBUG -- : files from ruby /Users/cmingxu/Library/Application Support/SketchUp 2015/SketchUp/Plugins/su_building/skps/tmp.skp
D, [2015-06-11T18:11:19.890923 #18595] DEBUG -- : Initializing APP
D, [2015-06-11T18:11:22.785781 #18595] DEBUG -- : callback for logger called
D, [2015-06-11T18:11:24.442036 #18595] DEBUG -- : callback for list called
D, [2015-06-11T18:11:24.442200 #18595] DEBUG -- : files from ruby /Users/cmingxu/Library/Application Support/SketchUp 2015/SketchUp/Plugins/su_building/skps/tmp.skp
D, [2015-06-11T18:11:30.013951 #18595] DEBUG -- : callback for list called
D, [2015-06-11T18:11:30.014115 #18595] DEBUG -- : files from ruby /Users/cmingxu/Library/Application Support/SketchUp 2015/SketchUp/Plugins/su_building/skps/tmp.skp
D, [2015-06-11T18:11:56.880037 #18603] DEBUG -- : Initializing APP
D, [2015-06-11T18:11:59.149214 #18603] DEBUG -- : callback for logger called
D, [2015-06-11T18:12:00.427303 #18603] DEBUG -- : callback for list called
D, [2015-06-11T18:12:00.427492 #18603] DEBUG -- : files from ruby /Users/cmingxu/Library/Application Support/SketchUp 2015/SketchUp/Plugins/su_building/skps/tmp.skp
D, [2015-06-11T18:14:49.285827 #18636] DEBUG -- : Initializing APP
D, [2015-06-11T18:18:20.034100 #18668] DEBUG -- : Initializing APP
D, [2015-06-11T18:18:23.940345 #18668] DEBUG -- : callback for logger called
D, [2015-06-11T18:18:25.182293 #18668] DEBUG -- : callback for list called
D, [2015-06-11T18:18:25.182465 #18668] DEBUG -- : files from ruby /Users/cmingxu/Library/Application Support/SketchUp 2015/SketchUp/Plugins/su_building/skps/tmp.skp
D, [2015-06-11T18:18:29.346056 #18668] DEBUG -- : callback for list called
D, [2015-06-11T18:18:29.346238 #18668] DEBUG -- : files from ruby /Users/cmingxu/Library/Application Support/SketchUp 2015/SketchUp/Plugins/su_building/skps/tmp.skp
D, [2015-06-11T18:18:29.529770 #18668] DEBUG -- : callback for list called
D, [2015-06-11T18:18:29.529922 #18668] DEBUG -- : files from ruby /Users/cmingxu/Library/Application Support/SketchUp 2015/SketchUp/Plugins/su_building/skps/tmp.skp
D, [2015-06-11T18:18:29.705929 #18668] DEBUG -- : callback for list called
D, [2015-06-11T18:18:29.706066 #18668] DEBUG -- : files from ruby /Users/cmingxu/Library/Application Support/SketchUp 2015/SketchUp/Plugins/su_building/skps/tmp.skp
D, [2015-06-11T18:18:29.891900 #18668] DEBUG -- : callback for list called
D, [2015-06-11T18:18:29.892054 #18668] DEBUG -- : files from ruby /Users/cmingxu/Library/Application Support/SketchUp 2015/SketchUp/Plugins/su_building/skps/tmp.skp
D, [2015-06-11T18:27:40.465886 #18704] DEBUG -- : Initializing APP
D, [2015-06-11T18:27:43.793334 #18704] DEBUG -- : callback for logger called
D, [2015-06-11T18:27:44.978666 #18704] DEBUG -- : callback for list called
D, [2015-06-11T18:27:44.978829 #18704] DEBUG -- : files from ruby /Users/cmingxu/Library/Application Support/SketchUp 2015/SketchUp/Plugins/su_building/skps/tmp.skp
D, [2015-06-11T18:30:48.392248 #18730] DEBUG -- : Initializing APP
D, [2015-06-11T18:30:51.015244 #18730] DEBUG -- : callback for logger called
D, [2015-06-11T18:30:52.582407 #18730] DEBUG -- : callback for list called
D, [2015-06-11T18:30:52.582594 #18730] DEBUG -- : files from ruby /Users/cmingxu/Library/Application Support/SketchUp 2015/SketchUp/Plugins/su_building/skps/tmp.skp
D, [2015-06-11T18:30:55.641049 #18730] DEBUG -- : callback for list called
D, [2015-06-11T18:30:55.641215 #18730] DEBUG -- : files from ruby /Users/cmingxu/Library/Application Support/SketchUp 2015/SketchUp/Plugins/su_building/skps/tmp.skp
D, [2015-06-11T18:31:33.133579 #18743] DEBUG -- : Initializing APP
D, [2015-06-11T18:31:35.233441 #18743] DEBUG -- : callback for logger called
D, [2015-06-11T18:31:38.407060 #18743] DEBUG -- : callback for list called
D, [2015-06-11T18:31:38.407229 #18743] DEBUG -- : files from ruby /Users/cmingxu/Library/Application Support/SketchUp 2015/SketchUp/Plugins/su_building/skps/tmp.skp
D, [2015-06-11T18:32:46.993914 #18752] DEBUG -- : Initializing APP
D, [2015-06-11T18:32:49.577550 #18752] DEBUG -- : callback for logger called
D, [2015-06-11T18:32:52.091121 #18752] DEBUG -- : callback for list called
D, [2015-06-11T18:32:52.091299 #18752] DEBUG -- : files from ruby /Users/cmingxu/Library/Application Support/SketchUp 2015/SketchUp/Plugins/su_building/skps/tmp.skp
D, [2015-06-11T18:32:55.252699 #18752] DEBUG -- : callback for logger called
D, [2015-06-11T18:32:55.434172 #18752] DEBUG -- : callback for list called
D, [2015-06-11T18:32:55.434394 #18752] DEBUG -- : files from ruby /Users/cmingxu/Library/Application Support/SketchUp 2015/SketchUp/Plugins/su_building/skps/tmp.skp
D, [2015-06-11T18:32:55.625757 #18752] DEBUG -- : callback for list called
D, [2015-06-11T18:32:55.625918 #18752] DEBUG -- : files from ruby /Users/cmingxu/Library/Application Support/SketchUp 2015/SketchUp/Plugins/su_building/skps/tmp.skp
D, [2015-06-11T18:33:25.181191 #18755] DEBUG -- : Initializing APP
D, [2015-06-11T18:33:28.450791 #18755] DEBUG -- : callback for logger called
D, [2015-06-11T18:33:30.167953 #18755] DEBUG -- : callback for list called
D, [2015-06-11T18:33:30.168126 #18755] DEBUG -- : files from ruby /Users/cmingxu/Library/Application Support/SketchUp 2015/SketchUp/Plugins/su_building/skps/tmp.skp
D, [2015-06-11T18:33:32.050026 #18755] DEBUG -- : callback for logger called
D, [2015-06-11T18:33:32.634982 #18755] DEBUG -- : callback for list called
D, [2015-06-11T18:33:32.635134 #18755] DEBUG -- : files from ruby /Users/cmingxu/Library/Application Support/SketchUp 2015/SketchUp/Plugins/su_building/skps/tmp.skp
D, [2015-06-11T18:33:33.826462 #18755] DEBUG -- : callback for list called
D, [2015-06-11T18:33:33.826633 #18755] DEBUG -- : files from ruby /Users/cmingxu/Library/Application Support/SketchUp 2015/SketchUp/Plugins/su_building/skps/tmp.skp
D, [2015-06-11T18:33:47.240627 #18758] DEBUG -- : Initializing APP
D, [2015-06-11T18:33:51.101030 #18758] DEBUG -- : callback for logger called
D, [2015-06-11T18:33:55.016222 #18758] DEBUG -- : callback for list called
D, [2015-06-11T18:33:55.016398 #18758] DEBUG -- : files from ruby /Users/cmingxu/Library/Application Support/SketchUp 2015/SketchUp/Plugins/su_building/skps/tmp.skp
D, [2015-06-11T18:34:04.053155 #18758] DEBUG -- : callback for logger called
D, [2015-06-11T18:35:31.442107 #18767] DEBUG -- : Initializing APP
D, [2015-06-11T18:35:34.795081 #18767] DEBUG -- : callback for logger called
D, [2015-06-11T18:35:35.749669 #18767] DEBUG -- : callback for list called
D, [2015-06-11T18:35:35.749855 #18767] DEBUG -- : files from ruby /Users/cmingxu/Library/Application Support/SketchUp 2015/SketchUp/Plugins/su_building/skps/tmp.skp
D, [2015-06-11T18:35:41.513424 #18767] DEBUG -- : callback for logger called
D, [2015-06-11T18:36:17.526997 #18770] DEBUG -- : Initializing APP
D, [2015-06-11T18:36:25.033390 #18770] DEBUG -- : callback for logger called
D, [2015-06-11T18:36:41.867902 #18770] DEBUG -- : callback for list called
D, [2015-06-11T18:36:41.868232 #18770] DEBUG -- : files from ruby /Users/cmingxu/Library/Application Support/SketchUp 2015/SketchUp/Plugins/su_building/skps/tmp.skp
D, [2015-06-11T18:37:36.307201 #18773] DEBUG -- : Initializing APP
D, [2015-06-11T18:37:43.010172 #18773] DEBUG -- : callback for logger called
D, [2015-06-11T18:37:54.077738 #18773] DEBUG -- : callback for list called
D, [2015-06-11T18:37:54.077955 #18773] DEBUG -- : files from ruby /Users/cmingxu/Library/Application Support/SketchUp 2015/SketchUp/Plugins/su_building/skps/tmp.skp
D, [2015-06-11T18:38:03.564516 #18773] DEBUG -- : callback for logger called
D, [2015-06-11T18:40:15.003320 #18777] DEBUG -- : Initializing APP
D, [2015-06-11T18:40:19.676673 #18777] DEBUG -- : callback for logger called
D, [2015-06-11T18:40:23.622004 #18777] DEBUG -- : callback for list called
D, [2015-06-11T18:40:23.622166 #18777] DEBUG -- : files from ruby /Users/cmingxu/Library/Application Support/SketchUp 2015/SketchUp/Plugins/su_building/skps/tmp.skp
D, [2015-06-11T18:40:25.365766 #18777] DEBUG -- : callback for logger called
D, [2015-06-11T18:41:15.664033 #18800] DEBUG -- : Initializing APP
D, [2015-06-11T18:41:19.150091 #18800] DEBUG -- : callback for logger called with params old
D, [2015-06-11T18:41:22.709717 #18800] DEBUG -- : callback for list called with params 
D, [2015-06-11T18:41:22.709896 #18800] DEBUG -- : files from ruby /Users/cmingxu/Library/Application Support/SketchUp 2015/SketchUp/Plugins/su_building/skps/tmp.skp
D, [2015-06-11T18:41:25.016385 #18800] DEBUG -- : callback for logger called with params old
D, [2015-06-11T18:43:49.687920 #18812] DEBUG -- : Initializing APP
D, [2015-06-11T18:43:58.262175 #18812] DEBUG -- : callback for logger called with params old
D, [2015-06-11T18:44:02.777397 #18812] DEBUG -- : callback for logger called with params abcde
D, [2015-06-11T18:44:09.496200 #18812] DEBUG -- : callback for list called with params 
D, [2015-06-11T18:44:09.496380 #18812] DEBUG -- : files from ruby /Users/cmingxu/Library/Application Support/SketchUp 2015/SketchUp/Plugins/su_building/skps/tmp.skp
D, [2015-06-11T18:44:40.184541 #18812] DEBUG -- : callback for logger called with params old
D, [2015-06-11T18:47:49.055921 #18823] DEBUG -- : Initializing APP
D, [2015-06-11T18:47:52.852854 #18823] DEBUG -- : callback for logger called with params old
D, [2015-06-11T18:47:58.664282 #18823] DEBUG -- : callback for list called with params 
D, [2015-06-11T18:47:58.664686 #18823] DEBUG -- : files from ruby /Users/cmingxu/Library/Application Support/SketchUp 2015/SketchUp/Plugins/su_building/skps/tmp.skp
D, [2015-06-11T18:48:03.273045 #18823] DEBUG -- : callback for logger called with params old
D, [2015-06-11T18:49:55.020819 #18837] DEBUG -- : Initializing APP
